#
# A fatal error has been detected by the Java Runtime Environment:
#
#  EXCEPTION_ACCESS_VIOLATION (0xc0000005) at pc=0x000000005b39dec1, pid=6536, tid=5488
#
# JRE version: Java(TM) SE Runtime Environment (7.0_79-b15) (build 1.7.0_79-b15)
# Java VM: Java HotSpot(TM) 64-Bit Server VM (24.79-b02 mixed mode windows-amd64 compressed oops)
# Problematic frame:
# C  [java.dll+0xdec1]
#
# Failed to write core dump. Minidumps are not enabled by default on client versions of Windows
#
# If you would like to submit a bug report, please visit:
#   http://bugreport.java.com/bugreport/crash.jsp
# The crash happened outside the Java Virtual Machine in native code.
# See problematic frame for where to report the bug.
#

---------------  T H R E A D  ---------------

Current thread (0x000000000be6c000):  JavaThread "Daemon worker Thread 5" [_thread_in_native, id=5488, stack(0x000000000cfb0000,0x000000000d0b0000)]

siginfo: ExceptionCode=0xc0000005, ExceptionInformation=0x0000000000000008 0xfffff88001f59b69

Registers:
RAX=0x0000000000254c20, RBX=0x000000000d0ad560, RCX=0x07fefcc3207d0000, RDX=0x0000000000243911
RSP=0x000000000d0aca60, RBP=0x000000000b2c6260, RSI=0x000000000b2c627a, RDI=0x0000000000000000
R8 =0x0000000000243910, R9 =0x0000000000254c20, R10=0x0000000076f73c30, R11=0x0000000000243920
R12=0x000000000d0acd7a, R13=0x000000000b2c6292, R14=0x000000000000005c, R15=0x000000000000005c
RIP=0x000000005b39dec1, EFLAGS=0x0000000000010202

Top of Stack: (sp=0x000000000d0aca60)
0x000000000d0aca60:   0000000000000000 000000000d0ad560
0x000000000d0aca70:   000000000b2c6264 0000000000000000
0x000000000d0aca80:   000000000b2c6264 00000000eb8cdee8
0x000000000d0aca90:   000000000d0ad560 0000000000000000
0x000000000d0acaa0:   f0801f0c00000010 2697fbc001d1315c
0x000000000d0acab0:   2697fbc001d13234 0000000001d13234
0x000000000d0acac0:   0000000000000000 006e006502320080
0x000000000d0acad0:   006f007200690076 006e0065006d006e
0x000000000d0acae0:   0000000000000074 0030002e0035002e
0x000000000d0acaf0:   00720061006a002e 0000007200000000
0x000000000d0acb00:   0036003200320000 0038003200310032
0x000000000d0acb10:   0000000076f51440 0000000000000000
0x000000000d0acb20:   0000000000000130 0000000002310000
0x000000000d0acb30:   0000000000000122 0000000000000122
0x000000000d0acb40:   00000000023103a8 0000000076e8f9b8
0x000000000d0acb50:   0000000000000000 0000000000000122 

Instructions: (pc=0x000000005b39dec1)
0x000000005b39dea1:   00 00 48 8b cb 4c 8b f0 ff 15 e9 b5 00 00 48 8b
0x000000005b39deb1:   5c 24 30 eb 0e 48 8d 54 24 40 ff 15 67 b2 00 00
0x000000005b39dec1:   4c 8b f0 66 45 89 7d 00 49 83 fe ff 0f 84 95 00
0x000000005b39ded1:   00 00 49 8b ce ff 15 9c b2 00 00 48 8d 4c 24 6c 


Register to memory mapping:

RAX=0x0000000000254c20 is an unknown value
RBX=0x000000000d0ad560 is pointing into the stack for thread: 0x000000000be6c000
RCX=0x07fefcc3207d0000 is an unknown value
RDX=0x0000000000243911 is an unknown value
RSP=0x000000000d0aca60 is pointing into the stack for thread: 0x000000000be6c000
RBP=0x000000000b2c6260 is an unknown value
RSI=0x000000000b2c627a is an unknown value
RDI=0x0000000000000000 is an unknown value
R8 =0x0000000000243910 is an unknown value
R9 =0x0000000000254c20 is an unknown value
R10=0x0000000076f73c30 is an unknown value
R11=0x0000000000243920 is an unknown value
R12=0x000000000d0acd7a is pointing into the stack for thread: 0x000000000be6c000
R13=0x000000000b2c6292 is an unknown value
R14=0x000000000000005c is an unknown value
R15=0x000000000000005c is an unknown value


Stack: [0x000000000cfb0000,0x000000000d0b0000],  sp=0x000000000d0aca60,  free space=1010k
Native frames: (J=compiled Java code, j=interpreted, Vv=VM code, C=native code)
C  [java.dll+0xdec1]

Java frames: (J=compiled Java code, j=interpreted, Vv=VM code)
j  java.io.WinNTFileSystem.canonicalize0(Ljava/lang/String;)Ljava/lang/String;+0
J 2503 C2 java.io.Win32FileSystem.canonicalize(Ljava/lang/String;)Ljava/lang/String; (372 bytes) @ 0x0000000002e7f5a0 [0x0000000002e7ee80+0x720]
j  java.io.File.getCanonicalPath()Ljava/lang/String;+27
j  java.io.File.getCanonicalFile()Ljava/io/File;+1
j  org.gradle.util.GFileUtils.canonicalise(Ljava/io/File;)Ljava/io/File;+1
j  org.gradle.api.internal.initialization.loadercache.HashClassPathSnapshotter.hash(Ljava/util/zip/Adler32;Ljava/util/List;Ljava/util/Set;Ljava/util/Iterator;)V+24
j  org.gradle.api.internal.initialization.loadercache.HashClassPathSnapshotter.snapshot(Lorg/gradle/internal/classpath/ClassPath;)Lorg/gradle/api/internal/initialization/loadercache/ClassPathSnapshot;+37
j  org.gradle.api.internal.initialization.loadercache.DefaultClassLoaderCache.get(Lorg/gradle/api/internal/initialization/loadercache/ClassLoaderId;Lorg/gradle/internal/classpath/ClassPath;Ljava/lang/ClassLoader;Lorg/gradle/internal/classloader/FilteringClassLoader$Spec;)Ljava/lang/ClassLoader;+5
j  org.gradle.api.internal.initialization.DefaultClassLoaderScope.loader(Lorg/gradle/api/internal/initialization/loadercache/ClassLoaderId;Lorg/gradle/internal/classpath/ClassPath;)Ljava/lang/ClassLoader;+16
j  org.gradle.api.internal.initialization.DefaultClassLoaderScope.buildLockedLoader(Lorg/gradle/api/internal/initialization/loadercache/ClassLoaderId;Lorg/gradle/internal/classpath/ClassPath;)Ljava/lang/ClassLoader;+22
j  org.gradle.api.internal.initialization.DefaultClassLoaderScope.buildLockedLoader(Lorg/gradle/api/internal/initialization/loadercache/ClassLoaderId;Lorg/gradle/internal/classpath/ClassPath;Ljava/util/List;)Ljava/lang/ClassLoader;+31
j  org.gradle.api.internal.initialization.DefaultClassLoaderScope.buildEffectiveLoaders()V+206
j  org.gradle.api.internal.initialization.DefaultClassLoaderScope.getLocalClassLoader()Ljava/lang/ClassLoader;+1
j  org.gradle.configuration.DefaultScriptPluginFactory$ScriptPluginImpl.apply(Ljava/lang/Object;)V+412
j  org.gradle.configuration.project.BuildScriptProcessor.execute(Lorg/gradle/api/internal/project/ProjectInternal;)V+80
j  org.gradle.configuration.project.BuildScriptProcessor.execute(Ljava/lang/Object;)V+5
j  org.gradle.configuration.project.ConfigureActionsProjectEvaluator.evaluate(Lorg/gradle/api/internal/project/ProjectInternal;Lorg/gradle/api/internal/project/ProjectStateInternal;)V+33
j  org.gradle.configuration.project.LifecycleProjectEvaluator.evaluate(Lorg/gradle/api/internal/project/ProjectInternal;Lorg/gradle/api/internal/project/ProjectStateInternal;)V+54
j  org.gradle.api.internal.project.AbstractProject.evaluate()Lorg/gradle/api/internal/project/AbstractProject;+9
j  org.gradle.api.internal.project.AbstractProject.evaluate()Lorg/gradle/api/Project;+1
j  org.gradle.execution.TaskPathProjectEvaluator.configure(Lorg/gradle/api/internal/project/ProjectInternal;)V+21
j  org.gradle.configuration.DefaultBuildConfigurer.configure(Lorg/gradle/api/internal/GradleInternal;)V+32
j  org.gradle.initialization.DefaultGradleLauncher$2.run()V+14
j  org.gradle.internal.Factories$1.create()Ljava/lang/Object;+4
j  org.gradle.internal.progress.DefaultBuildOperationExecutor.run(Lorg/gradle/internal/progress/BuildOperationDetails;Lorg/gradle/internal/Factory;)Ljava/lang/Object;+171
j  org.gradle.internal.progress.DefaultBuildOperationExecutor.run(Ljava/lang/String;Ljava/lang/Runnable;)V+12
j  org.gradle.initialization.DefaultGradleLauncher.doBuildStages(Lorg/gradle/initialization/DefaultGradleLauncher$Stage;)V+39
j  org.gradle.initialization.DefaultGradleLauncher.access$200(Lorg/gradle/initialization/DefaultGradleLauncher;Lorg/gradle/initialization/DefaultGradleLauncher$Stage;)V+2
j  org.gradle.initialization.DefaultGradleLauncher$1.create()Lorg/gradle/BuildResult;+29
j  org.gradle.initialization.DefaultGradleLauncher$1.create()Ljava/lang/Object;+1
j  org.gradle.internal.progress.DefaultBuildOperationExecutor.run(Lorg/gradle/internal/progress/BuildOperationDetails;Lorg/gradle/internal/Factory;)Ljava/lang/Object;+171
j  org.gradle.internal.progress.DefaultBuildOperationExecutor.run(Ljava/lang/String;Lorg/gradle/internal/Factory;)Ljava/lang/Object;+9
j  org.gradle.initialization.DefaultGradleLauncher.doBuild(Lorg/gradle/initialization/DefaultGradleLauncher$Stage;)Lorg/gradle/BuildResult;+25
j  org.gradle.initialization.DefaultGradleLauncher.run()Lorg/gradle/BuildResult;+4
j  org.gradle.launcher.exec.InProcessBuildActionExecuter$DefaultBuildController.run()Lorg/gradle/api/internal/GradleInternal;+4
j  org.gradle.tooling.internal.provider.runner.BuildModelActionRunner.run(Lorg/gradle/internal/invocation/BuildAction;Lorg/gradle/internal/invocation/BuildController;)V+29
j  org.gradle.launcher.exec.ChainingBuildActionRunner.run(Lorg/gradle/internal/invocation/BuildAction;Lorg/gradle/internal/invocation/BuildController;)V+34
j  org.gradle.tooling.internal.provider.runner.SubscribableBuildActionRunner.run(Lorg/gradle/internal/invocation/BuildAction;Lorg/gradle/internal/invocation/BuildController;)V+37
j  org.gradle.launcher.exec.ChainingBuildActionRunner.run(Lorg/gradle/internal/invocation/BuildAction;Lorg/gradle/internal/invocation/BuildController;)V+34
j  org.gradle.launcher.exec.InProcessBuildActionExecuter.execute(Lorg/gradle/internal/invocation/BuildAction;Lorg/gradle/initialization/BuildRequestContext;Lorg/gradle/launcher/exec/BuildActionParameters;Lorg/gradle/internal/service/ServiceRegistry;)Ljava/lang/Object;+63
j  org.gradle.launcher.exec.InProcessBuildActionExecuter.execute(Lorg/gradle/internal/invocation/BuildAction;Lorg/gradle/initialization/BuildRequestContext;Ljava/lang/Object;Lorg/gradle/internal/service/ServiceRegistry;)Ljava/lang/Object;+9
j  org.gradle.launcher.exec.ContinuousBuildActionExecuter.execute(Lorg/gradle/internal/invocation/BuildAction;Lorg/gradle/initialization/BuildRequestContext;Lorg/gradle/launcher/exec/BuildActionParameters;Lorg/gradle/internal/service/ServiceRegistry;)Ljava/lang/Object;+70
j  org.gradle.launcher.exec.ContinuousBuildActionExecuter.execute(Lorg/gradle/internal/invocation/BuildAction;Lorg/gradle/initialization/BuildRequestContext;Ljava/lang/Object;Lorg/gradle/internal/service/ServiceRegistry;)Ljava/lang/Object;+9
j  org.gradle.launcher.daemon.server.exec.ExecuteBuild.doBuild(Lorg/gradle/launcher/daemon/server/api/DaemonCommandExecution;Lorg/gradle/launcher/daemon/protocol/Build;)V+74
j  org.gradle.launcher.daemon.server.exec.BuildCommandOnly.execute(Lorg/gradle/launcher/daemon/server/api/DaemonCommandExecution;)V+49
j  org.gradle.launcher.daemon.server.api.DaemonCommandExecution.proceed()Z+28
j  org.gradle.launcher.daemon.server.exec.WatchForDisconnection.execute(Lorg/gradle/launcher/daemon/server/api/DaemonCommandExecution;)V+19
j  org.gradle.launcher.daemon.server.api.DaemonCommandExecution.proceed()Z+28
j  org.gradle.launcher.daemon.server.exec.ResetDeprecationLogger.execute(Lorg/gradle/launcher/daemon/server/api/DaemonCommandExecution;)V+4
j  org.gradle.launcher.daemon.server.api.DaemonCommandExecution.proceed()Z+28
j  org.gradle.launcher.daemon.server.exec.RequestStopIfSingleUsedDaemon.execute(Lorg/gradle/launcher/daemon/server/api/DaemonCommandExecution;)V+31
j  org.gradle.launcher.daemon.server.api.DaemonCommandExecution.proceed()Z+28
j  org.gradle.launcher.daemon.server.exec.ForwardClientInput$2.call()Ljava/lang/Void;+4
j  org.gradle.launcher.daemon.server.exec.ForwardClientInput$2.call()Ljava/lang/Object;+1
j  org.gradle.util.Swapper.swap(Ljava/lang/Object;Ljava/util/concurrent/Callable;)Ljava/lang/Object;+21
j  org.gradle.launcher.daemon.server.exec.ForwardClientInput.execute(Lorg/gradle/launcher/daemon/server/api/DaemonCommandExecution;)V+63
j  org.gradle.launcher.daemon.server.api.DaemonCommandExecution.proceed()Z+28
j  org.gradle.launcher.daemon.server.health.DaemonHealthTracker.execute(Lorg/gradle/launcher/daemon/server/api/DaemonCommandExecution;)V+35
j  org.gradle.launcher.daemon.server.api.DaemonCommandExecution.proceed()Z+28
j  org.gradle.launcher.daemon.server.exec.LogToClient.doBuild(Lorg/gradle/launcher/daemon/server/api/DaemonCommandExecution;Lorg/gradle/launcher/daemon/protocol/Build;)V+106
j  org.gradle.launcher.daemon.server.exec.BuildCommandOnly.execute(Lorg/gradle/launcher/daemon/server/api/DaemonCommandExecution;)V+49
j  org.gradle.launcher.daemon.server.api.DaemonCommandExecution.proceed()Z+28
j  org.gradle.launcher.daemon.server.exec.EstablishBuildEnvironment.doBuild(Lorg/gradle/launcher/daemon/server/api/DaemonCommandExecution;Lorg/gradle/launcher/daemon/protocol/Build;)V+243
j  org.gradle.launcher.daemon.server.exec.BuildCommandOnly.execute(Lorg/gradle/launcher/daemon/server/api/DaemonCommandExecution;)V+49
j  org.gradle.launcher.daemon.server.api.DaemonCommandExecution.proceed()Z+28
j  org.gradle.launcher.daemon.server.health.HintGCAfterBuild.execute(Lorg/gradle/launcher/daemon/server/api/DaemonCommandExecution;)V+1
j  org.gradle.launcher.daemon.server.api.DaemonCommandExecution.proceed()Z+28
j  org.gradle.launcher.daemon.server.exec.StartBuildOrRespondWithBusy$1.run()V+44
j  org.gradle.launcher.daemon.server.DaemonStateCoordinator$1.run()V+4
j  org.gradle.internal.concurrent.ExecutorPolicy$CatchAndRecordFailures.onExecute(Ljava/lang/Runnable;)V+1
j  org.gradle.internal.concurrent.StoppableExecutorImpl$1.run()V+25
j  java.util.concurrent.ThreadPoolExecutor.runWorker(Ljava/util/concurrent/ThreadPoolExecutor$Worker;)V+95
j  java.util.concurrent.ThreadPoolExecutor$Worker.run()V+5
j  java.lang.Thread.run()V+11
v  ~StubRoutines::call_stub

---------------  P R O C E S S  ---------------

Java Threads: ( => current thread )
  0x000000000be6d800 JavaThread "Stdin handler" [_thread_blocked, id=7488, stack(0x000000000d110000,0x000000000d210000)]
=>0x000000000be6c000 JavaThread "Daemon worker Thread 5" [_thread_in_native, id=5488, stack(0x000000000cfb0000,0x000000000d0b0000)]
  0x000000000be6b800 JavaThread "Cancel handler" [_thread_blocked, id=5976, stack(0x000000000cdb0000,0x000000000ceb0000)]
  0x000000000be6d000 JavaThread "Handler for socket connection from /127.0.0.1:49314 to /127.0.0.1:51096" [_thread_in_native, id=6352, stack(0x000000000cc40000,0x000000000cd40000)]
  0x000000000be6a800 JavaThread "Daemon Thread 5" [_thread_blocked, id=6080, stack(0x000000000c8c0000,0x000000000c9c0000)]
  0x000000000b414800 JavaThread "File lock request listener" [_thread_in_native, id=6676, stack(0x000000000d230000,0x000000000d330000)]
  0x000000000b108800 JavaThread "Incoming local TCP Connector on port 49314" [_thread_in_native, id=6636, stack(0x000000000ca00000,0x000000000cb00000)]
  0x000000000a789800 JavaThread "Service Thread" daemon [_thread_blocked, id=6644, stack(0x0000000009cf0000,0x0000000009df0000)]
  0x0000000008c8b800 JavaThread "C2 CompilerThread1" daemon [_thread_blocked, id=2988, stack(0x000000000a680000,0x000000000a780000)]
  0x0000000008c89800 JavaThread "C2 CompilerThread0" daemon [_thread_blocked, id=6632, stack(0x000000000a510000,0x000000000a610000)]
  0x0000000008c89000 JavaThread "Attach Listener" daemon [_thread_blocked, id=1344, stack(0x000000000a3c0000,0x000000000a4c0000)]
  0x0000000008c87800 JavaThread "Signal Dispatcher" daemon [_thread_blocked, id=6596, stack(0x000000000a1d0000,0x000000000a2d0000)]
  0x0000000008c10000 JavaThread "Finalizer" daemon [_thread_blocked, id=6584, stack(0x000000000a050000,0x000000000a150000)]
  0x0000000008c0e800 JavaThread "Reference Handler" daemon [_thread_blocked, id=6600, stack(0x0000000009e70000,0x0000000009f70000)]
  0x000000000231e000 JavaThread "main" [_thread_blocked, id=6552, stack(0x0000000002520000,0x0000000002620000)]

Other Threads:
  0x0000000008c0a800 VMThread [stack: 0x0000000009b90000,0x0000000009c90000] [id=6612]
  0x000000000a793800 WatcherThread [stack: 0x000000000ab90000,0x000000000ac90000] [id=6668]

VM state:not at safepoint (normal execution)

VM Mutex/Monitor currently owned by a thread: None

Heap
 PSYoungGen      total 308224K, used 59789K [0x00000000eaa80000, 0x00000000ffd80000, 0x0000000100000000)
  eden space 269312K, 22% used [0x00000000eaa80000,0x00000000ee4e36d0,0x00000000fb180000)
  from space 38912K, 0% used [0x00000000fb180000,0x00000000fb180000,0x00000000fd780000)
  to   space 38912K, 0% used [0x00000000fd780000,0x00000000fd780000,0x00000000ffd80000)
 ParOldGen       total 134144K, used 52082K [0x00000000c0000000, 0x00000000c8300000, 0x00000000eaa80000)
  object space 134144K, 38% used [0x00000000c0000000,0x00000000c32dc898,0x00000000c8300000)
 PSPermGen       total 104448K, used 55476K [0x00000000b0000000, 0x00000000b6600000, 0x00000000c0000000)
  object space 104448K, 53% used [0x00000000b0000000,0x00000000b362d018,0x00000000b6600000)

Card table byte_map: [0x0000000005620000,0x00000000058b0000] byte_map_base: 0x00000000050a0000

Polling page: 0x0000000001b50000

Code Cache  [0x0000000002620000, 0x0000000002e90000, 0x0000000005620000)
 total_blobs=2936 nmethods=2262 adapters=624 free_code_cache=40652Kb largest_free_block=41522496

Compilation events (10 events):
Event: 3956.224 Thread 0x0000000008c8b800 2510             com.sun.org.apache.xerces.internal.utils.XMLSecurityManager$Limit::values (10 bytes)
Event: 3956.224 Thread 0x0000000008c8b800 nmethod 2510 0x0000000002e73790 code [0x0000000002e738e0, 0x0000000002e739b8]
Event: 3956.238 Thread 0x0000000008c89800 2511             com.sun.org.apache.xerces.internal.util.URI::initializeScheme (95 bytes)
Event: 3956.246 Thread 0x0000000008c89800 nmethod 2511 0x0000000002e6c210 code [0x0000000002e6c3a0, 0x0000000002e6c8f8]
Event: 3956.264 Thread 0x0000000008c8b800 2512             com.sun.org.apache.xerces.internal.impl.XMLEntityScanner::skipString (100 bytes)
Event: 3956.271 Thread 0x0000000008c8b800 nmethod 2512 0x0000000002cb08d0 code [0x0000000002cb0a40, 0x0000000002cb0e08]
Event: 3956.302 Thread 0x0000000008c8b800 2513             com.sun.org.apache.xerces.internal.parsers.XML11Configuration::checkFeature (268 bytes)
Event: 3956.320 Thread 0x0000000008c8b800 nmethod 2513 0x0000000002e82bd0 code [0x0000000002e82e00, 0x0000000002e83ae0]
Event: 3956.333 Thread 0x0000000008c89800 2514             org.gradle.internal.resolve.result.DefaultBuildableArtifactSetResolveResult::hasResult (20 bytes)
Event: 3956.333 Thread 0x0000000008c89800 nmethod 2514 0x0000000002e6bfd0 code [0x0000000002e6c100, 0x0000000002e6c178]

GC Heap History (10 events):
Event: 1760.720 GC heap before
{Heap before GC invocations=14 (full 3):
 PSYoungGen      total 306688K, used 121404K [0x00000000eaa80000, 0x00000000ffe80000, 0x0000000100000000)
  eden space 268288K, 36% used [0x00000000eaa80000,0x00000000f0a6cee8,0x00000000fb080000)
  from space 38400K, 60% used [0x00000000fd900000,0x00000000fefa24c8,0x00000000ffe80000)
  to   space 39936K, 0% used [0x00000000fb080000,0x00000000fb080000,0x00000000fd780000)
 ParOldGen       total 134144K, used 52978K [0x00000000c0000000, 0x00000000c8300000, 0x00000000eaa80000)
  object space 134144K, 39% used [0x00000000c0000000,0x00000000c33bc8a8,0x00000000c8300000)
 PSPermGen       total 111616K, used 55338K [0x00000000b0000000, 0x00000000b6d00000, 0x00000000c0000000)
  object space 111616K, 49% used [0x00000000b0000000,0x00000000b360a968,0x00000000b6d00000)
Event: 1760.732 GC heap after
Heap after GC invocations=14 (full 3):
 PSYoungGen      total 308224K, used 544K [0x00000000eaa80000, 0x00000000fff80000, 0x0000000100000000)
  eden space 268288K, 0% used [0x00000000eaa80000,0x00000000eaa80000,0x00000000fb080000)
  from space 39936K, 1% used [0x00000000fb080000,0x00000000fb108000,0x00000000fd780000)
  to   space 40448K, 0% used [0x00000000fd800000,0x00000000fd800000,0x00000000fff80000)
 ParOldGen       total 134144K, used 62488K [0x00000000c0000000, 0x00000000c8300000, 0x00000000eaa80000)
  object space 134144K, 46% used [0x00000000c0000000,0x00000000c3d061d0,0x00000000c8300000)
 PSPermGen       total 111616K, used 55338K [0x00000000b0000000, 0x00000000b6d00000, 0x00000000c0000000)
  object space 111616K, 49% used [0x00000000b0000000,0x00000000b360a968,0x00000000b6d00000)
}
Event: 1760.732 GC heap before
{Heap before GC invocations=15 (full 4):
 PSYoungGen      total 308224K, used 544K [0x00000000eaa80000, 0x00000000fff80000, 0x0000000100000000)
  eden space 268288K, 0% used [0x00000000eaa80000,0x00000000eaa80000,0x00000000fb080000)
  from space 39936K, 1% used [0x00000000fb080000,0x00000000fb108000,0x00000000fd780000)
  to   space 40448K, 0% used [0x00000000fd800000,0x00000000fd800000,0x00000000fff80000)
 ParOldGen       total 134144K, used 62488K [0x00000000c0000000, 0x00000000c8300000, 0x00000000eaa80000)
  object space 134144K, 46% used [0x00000000c0000000,0x00000000c3d061d0,0x00000000c8300000)
 PSPermGen       total 111616K, used 55338K [0x00000000b0000000, 0x00000000b6d00000, 0x00000000c0000000)
  object space 111616K, 49% used [0x00000000b0000000,0x00000000b360a968,0x00000000b6d00000)
Event: 1761.723 GC heap after
Heap after GC invocations=15 (full 4):
 PSYoungGen      total 308224K, used 0K [0x00000000eaa80000, 0x00000000fff80000, 0x0000000100000000)
  eden space 268288K, 0% used [0x00000000eaa80000,0x00000000eaa80000,0x00000000fb080000)
  from space 39936K, 0% used [0x00000000fb080000,0x00000000fb080000,0x00000000fd780000)
  to   space 40448K, 0% used [0x00000000fd800000,0x00000000fd800000,0x00000000fff80000)
 ParOldGen       total 134144K, used 61030K [0x00000000c0000000, 0x00000000c8300000, 0x00000000eaa80000)
  object space 134144K, 45% used [0x00000000c0000000,0x00000000c3b99b08,0x00000000c8300000)
 PSPermGen       total 108544K, used 55335K [0x00000000b0000000, 0x00000000b6a00000, 0x00000000c0000000)
  object space 108544K, 50% used [0x00000000b0000000,0x00000000b3609f30,0x00000000b6a00000)
}
Event: 3790.284 GC heap before
{Heap before GC invocations=16 (full 4):
 PSYoungGen      total 308224K, used 268288K [0x00000000eaa80000, 0x00000000fff80000, 0x0000000100000000)
  eden space 268288K, 100% used [0x00000000eaa80000,0x00000000fb080000,0x00000000fb080000)
  from space 39936K, 0% used [0x00000000fb080000,0x00000000fb080000,0x00000000fd780000)
  to   space 40448K, 0% used [0x00000000fd800000,0x00000000fd800000,0x00000000fff80000)
 ParOldGen       total 134144K, used 61030K [0x00000000c0000000, 0x00000000c8300000, 0x00000000eaa80000)
  object space 134144K, 45% used [0x00000000c0000000,0x00000000c3b99b08,0x00000000c8300000)
 PSPermGen       total 108544K, used 55789K [0x00000000b0000000, 0x00000000b6a00000, 0x00000000c0000000)
  object space 108544K, 51% used [0x00000000b0000000,0x00000000b367b7d8,0x00000000b6a00000)
Event: 3790.328 GC heap after
Heap after GC invocations=16 (full 4):
 PSYoungGen      total 307712K, used 11638K [0x00000000eaa80000, 0x00000000ffd80000, 0x0000000100000000)
  eden space 269312K, 0% used [0x00000000eaa80000,0x00000000eaa80000,0x00000000fb180000)
  from space 38400K, 30% used [0x00000000fd800000,0x00000000fe35dbe8,0x00000000ffd80000)
  to   space 38912K, 0% used [0x00000000fb180000,0x00000000fb180000,0x00000000fd780000)
 ParOldGen       total 134144K, used 61030K [0x00000000c0000000, 0x00000000c8300000, 0x00000000eaa80000)
  object space 134144K, 45% used [0x00000000c0000000,0x00000000c3b99b08,0x00000000c8300000)
 PSPermGen       total 108544K, used 55789K [0x00000000b0000000, 0x00000000b6a00000, 0x00000000c0000000)
  object space 108544K, 51% used [0x00000000b0000000,0x00000000b367b7d8,0x00000000b6a00000)
}
Event: 3796.773 GC heap before
{Heap before GC invocations=17 (full 4):
 PSYoungGen      total 307712K, used 67699K [0x00000000eaa80000, 0x00000000ffd80000, 0x0000000100000000)
  eden space 269312K, 20% used [0x00000000eaa80000,0x00000000ee13f098,0x00000000fb180000)
  from space 38400K, 30% used [0x00000000fd800000,0x00000000fe35dbe8,0x00000000ffd80000)
  to   space 38912K, 0% used [0x00000000fb180000,0x00000000fb180000,0x00000000fd780000)
 ParOldGen       total 134144K, used 61030K [0x00000000c0000000, 0x00000000c8300000, 0x00000000eaa80000)
  object space 134144K, 45% used [0x00000000c0000000,0x00000000c3b99b08,0x00000000c8300000)
 PSPermGen       total 108544K, used 55957K [0x00000000b0000000, 0x00000000b6a00000, 0x00000000c0000000)
  object space 108544K, 51% used [0x00000000b0000000,0x00000000b36a54e8,0x00000000b6a00000)
Event: 3796.776 GC heap after
Heap after GC invocations=17 (full 4):
 PSYoungGen      total 308224K, used 448K [0x00000000eaa80000, 0x00000000ffd80000, 0x0000000100000000)
  eden space 269312K, 0% used [0x00000000eaa80000,0x00000000eaa80000,0x00000000fb180000)
  from space 38912K, 1% used [0x00000000fb180000,0x00000000fb1f0000,0x00000000fd780000)
  to   space 38912K, 0% used [0x00000000fd780000,0x00000000fd780000,0x00000000ffd80000)
 ParOldGen       total 134144K, used 61706K [0x00000000c0000000, 0x00000000c8300000, 0x00000000eaa80000)
  object space 134144K, 46% used [0x00000000c0000000,0x00000000c3c42998,0x00000000c8300000)
 PSPermGen       total 108544K, used 55957K [0x00000000b0000000, 0x00000000b6a00000, 0x00000000c0000000)
  object space 108544K, 51% used [0x00000000b0000000,0x00000000b36a54e8,0x00000000b6a00000)
}
Event: 3796.776 GC heap before
{Heap before GC invocations=18 (full 5):
 PSYoungGen      total 308224K, used 448K [0x00000000eaa80000, 0x00000000ffd80000, 0x0000000100000000)
  eden space 269312K, 0% used [0x00000000eaa80000,0x00000000eaa80000,0x00000000fb180000)
  from space 38912K, 1% used [0x00000000fb180000,0x00000000fb1f0000,0x00000000fd780000)
  to   space 38912K, 0% used [0x00000000fd780000,0x00000000fd780000,0x00000000ffd80000)
 ParOldGen       total 134144K, used 61706K [0x00000000c0000000, 0x00000000c8300000, 0x00000000eaa80000)
  object space 134144K, 46% used [0x00000000c0000000,0x00000000c3c42998,0x00000000c8300000)
 PSPermGen       total 108544K, used 55957K [0x00000000b0000000, 0x00000000b6a00000, 0x00000000c0000000)
  object space 108544K, 51% used [0x00000000b0000000,0x00000000b36a54e8,0x00000000b6a00000)
Event: 3797.607 GC heap after
Heap after GC invocations=18 (full 5):
 PSYoungGen      total 308224K, used 0K [0x00000000eaa80000, 0x00000000ffd80000, 0x0000000100000000)
  eden space 269312K, 0% used [0x00000000eaa80000,0x00000000eaa80000,0x00000000fb180000)
  from space 38912K, 0% used [0x00000000fb180000,0x00000000fb180000,0x00000000fd780000)
  to   space 38912K, 0% used [0x00000000fd780000,0x00000000fd780000,0x00000000ffd80000)
 ParOldGen       total 134144K, used 52082K [0x00000000c0000000, 0x00000000c8300000, 0x00000000eaa80000)
  object space 134144K, 38% used [0x00000000c0000000,0x00000000c32dc898,0x00000000c8300000)
 PSPermGen       total 104448K, used 55321K [0x00000000b0000000, 0x00000000b6600000, 0x00000000c0000000)
  object space 104448K, 52% used [0x00000000b0000000,0x00000000b3606770,0x00000000b6600000)
}

Deoptimization events (10 events):
Event: 1812.226 Thread 0x000000000d7b6800 Uncommon trap: reason=class_check action=maybe_recompile pc=0x0000000002be9c20 method=com.google.common.base.Equivalence$Equals.doEquivalent(Ljava/lang/Object;Ljava/lang/Object;)Z @ 2
Event: 1812.288 Thread 0x000000000d7b6800 Uncommon trap: reason=class_check action=maybe_recompile pc=0x0000000002be9c20 method=com.google.common.base.Equivalence$Equals.doEquivalent(Ljava/lang/Object;Ljava/lang/Object;)Z @ 2
Event: 3789.723 Thread 0x000000000be6d000 Uncommon trap: reason=class_check action=maybe_recompile pc=0x0000000002a52f2c method=org.gradle.api.internal.BeanDynamicObject$MetaClassAdapter.getProperty(Ljava/lang/String;)Ljava/lang/Object; @ 68
Event: 3793.835 Thread 0x000000000be6d000 Uncommon trap: reason=class_check action=maybe_recompile pc=0x0000000002915480 method=java.io.Writer.write(Ljava/lang/String;)V @ 7
Event: 3795.509 Thread 0x000000000be6d000 Uncommon trap: reason=bimorphic action=maybe_recompile pc=0x000000000285edf4 method=com.sun.org.apache.xerces.internal.impl.XMLDocumentFragmentScannerImpl.scanDocument(Z)Z @ 147
Event: 3795.512 Thread 0x000000000be6d000 Uncommon trap: reason=bimorphic action=maybe_recompile pc=0x000000000285edf4 method=com.sun.org.apache.xerces.internal.impl.XMLDocumentFragmentScannerImpl.scanDocument(Z)Z @ 147
Event: 3955.934 Thread 0x000000000be6c000 Uncommon trap: reason=array_check action=maybe_recompile pc=0x0000000002a3034c method=java.util.ComparableTimSort.mergeHi(IIII)V @ 642
Event: 3955.936 Thread 0x000000000be6c000 Uncommon trap: reason=unreached action=reinterpret pc=0x0000000002d57540 method=java.lang.Class.privateGetPublicMethods()[Ljava/lang/reflect/Method; @ 104
Event: 3955.969 Thread 0x000000000be6c000 Uncommon trap: reason=array_check action=maybe_recompile pc=0x0000000002a3034c method=java.util.ComparableTimSort.mergeHi(IIII)V @ 642
Event: 3956.017 Thread 0x000000000be6c000 Uncommon trap: reason=null_check action=make_not_entrant pc=0x0000000002a6d0bc method=org.codehaus.groovy.reflection.CachedClass.<init>(Ljava/lang/Class;Lorg/codehaus/groovy/reflection/ClassInfo;)V @ 157

Internal exceptions (10 events):
Event: 3956.039 Thread 0x000000000be6c000 Threw 0x00000000eb845540 at C:\re\jdk7u79\2331\hotspot\src\share\vm\prims\jvm.cpp:1304
Event: 3956.042 Thread 0x000000000be6c000 Threw 0x00000000eb863eb8 at C:\re\jdk7u79\2331\hotspot\src\share\vm\prims\jvm.cpp:1304
Event: 3956.042 Thread 0x000000000be6c000 Threw 0x00000000eb865118 at C:\re\jdk7u79\2331\hotspot\src\share\vm\prims\jvm.cpp:1304
Event: 3956.042 Thread 0x000000000be6c000 Threw 0x00000000eb86e8a8 at C:\re\jdk7u79\2331\hotspot\src\share\vm\prims\jvm.cpp:1304
Event: 3956.043 Thread 0x000000000be6c000 Threw 0x00000000eb8948e8 at C:\re\jdk7u79\2331\hotspot\src\share\vm\prims\jvm.cpp:1304
Event: 3956.043 Thread 0x000000000be6c000 Threw 0x00000000eb895970 at C:\re\jdk7u79\2331\hotspot\src\share\vm\prims\jvm.cpp:1304
Event: 3956.043 Thread 0x000000000be6c000 Threw 0x00000000eb89d070 at C:\re\jdk7u79\2331\hotspot\src\share\vm\prims\jvm.cpp:1304
Event: 3956.043 Thread 0x000000000be6c000 Threw 0x00000000eb8b12f8 at C:\re\jdk7u79\2331\hotspot\src\share\vm\prims\jvm.cpp:1304
Event: 3956.043 Thread 0x000000000be6c000 Threw 0x00000000eb8b2308 at C:\re\jdk7u79\2331\hotspot\src\share\vm\prims\jvm.cpp:1304
Event: 3956.043 Thread 0x000000000be6c000 Threw 0x00000000eb8b90b0 at C:\re\jdk7u79\2331\hotspot\src\share\vm\prims\jvm.cpp:1304

Events (10 events):
Event: 3956.039 loading class 0x000000000bcc2450
Event: 3956.039 loading class 0x000000000bcc2450 done
Event: 3956.039 loading class 0x000000000bcc5a20
Event: 3956.039 loading class 0x000000000bcc5a20 done
Event: 3956.042 loading class 0x000000000dd14ad0
Event: 3956.042 loading class 0x000000000dd14ad0 done
Event: 3956.043 loading class 0x000000000bcbfd60
Event: 3956.043 loading class 0x000000000bcbfd60 done
Event: 3956.043 loading class 0x000000000e93ffb0
Event: 3956.043 loading class 0x000000000e93ffb0 done


Dynamic libraries:
0x000000013ff50000 - 0x000000013ff83000 	D:\YT_DEVELOP\environment\jdk1.7.0_79_64\bin\java.exe
0x0000000076e40000 - 0x0000000076fe9000 	C:\Windows\SYSTEM32\ntdll.dll
0x0000000076c20000 - 0x0000000076d3f000 	C:\Windows\system32\kernel32.dll
0x000007fefcc10000 - 0x000007fefcc7c000 	C:\Windows\system32\KERNELBASE.dll
0x000007fefe1e0000 - 0x000007fefe2bb000 	C:\Windows\system32\ADVAPI32.dll
0x000007fefeed0000 - 0x000007fefef6f000 	C:\Windows\system32\msvcrt.dll
0x000007feff130000 - 0x000007feff14f000 	C:\Windows\SYSTEM32\sechost.dll
0x000007fefeff0000 - 0x000007feff11d000 	C:\Windows\system32\RPCRT4.dll
0x0000000076d40000 - 0x0000000076e3a000 	C:\Windows\system32\USER32.dll
0x000007fefd1e0000 - 0x000007fefd247000 	C:\Windows\system32\GDI32.dll
0x000007feff120000 - 0x000007feff12e000 	C:\Windows\system32\LPK.dll
0x000007fefe530000 - 0x000007fefe5fa000 	C:\Windows\system32\USP10.dll
0x000007fefb4b0000 - 0x000007fefb6a4000 	C:\Windows\WinSxS\amd64_microsoft.windows.common-controls_6595b64144ccf1df_6.0.7601.18837_none_fa3b1e3d17594757\COMCTL32.dll
0x000007fefef70000 - 0x000007fefefe1000 	C:\Windows\system32\SHLWAPI.dll
0x000007fefe600000 - 0x000007fefe62e000 	C:\Windows\system32\IMM32.DLL
0x000007fefeca0000 - 0x000007fefeda9000 	C:\Windows\system32\MSCTF.dll
0x000007fefc950000 - 0x000007fefc999000 	C:\Windows\System32\dtrampo.dll
0x000007fefc7c0000 - 0x000007fefc7cc000 	C:\Windows\system32\VERSION.dll
0x000007fefcff0000 - 0x000007fefd0c7000 	C:\Windows\system32\OLEAUT32.dll
0x000007fefe630000 - 0x000007fefe833000 	C:\Windows\system32\ole32.dll
0x000007fefd450000 - 0x000007fefe1d9000 	C:\Windows\system32\shell32.dll
0x00000000563c0000 - 0x0000000056492000 	D:\YT_DEVELOP\environment\jdk1.7.0_79_64\jre\bin\msvcr100.dll
0x000000005a750000 - 0x000000005af25000 	D:\YT_DEVELOP\environment\jdk1.7.0_79_64\jre\bin\server\jvm.dll
0x000007fef6d00000 - 0x000007fef6d09000 	C:\Windows\system32\WSOCK32.dll
0x000007fefcfa0000 - 0x000007fefcfed000 	C:\Windows\system32\WS2_32.dll
0x000007fefd0d0000 - 0x000007fefd0d8000 	C:\Windows\system32\NSI.dll
0x000007fef7c40000 - 0x000007fef7c7b000 	C:\Windows\system32\WINMM.dll
0x0000000077010000 - 0x0000000077017000 	C:\Windows\system32\PSAPI.DLL
0x000000005e680000 - 0x000000005e68f000 	D:\YT_DEVELOP\environment\jdk1.7.0_79_64\jre\bin\verify.dll
0x000000005b390000 - 0x000000005b3b8000 	D:\YT_DEVELOP\environment\jdk1.7.0_79_64\jre\bin\java.dll
0x000000005b370000 - 0x000000005b385000 	D:\YT_DEVELOP\environment\jdk1.7.0_79_64\jre\bin\zip.dll
0x000000005b2b0000 - 0x000000005b2ca000 	D:\YT_DEVELOP\environment\jdk1.7.0_79_64\jre\bin\net.dll
0x000007fefc320000 - 0x000007fefc375000 	C:\Windows\system32\mswsock.dll
0x000007fefc310000 - 0x000007fefc317000 	C:\Windows\System32\wship6.dll
0x000000005b290000 - 0x000000005b2a1000 	D:\YT_DEVELOP\environment\jdk1.7.0_79_64\jre\bin\nio.dll
0x000007feecee0000 - 0x000007feecef2000 	C:\Users\Administrator\.gradle\native\19\windows-amd64\native-platform.dll
0x000007fefa150000 - 0x000007fefa177000 	C:\Windows\system32\IPHLPAPI.DLL
0x000007fefa140000 - 0x000007fefa14b000 	C:\Windows\system32\WINNSI.DLL
0x000007fef9ac0000 - 0x000007fef9ad8000 	C:\Windows\system32\dhcpcsvc.DLL
0x000007fef96f0000 - 0x000007fef9701000 	C:\Windows\system32\dhcpcsvc6.DLL
0x000007fefc380000 - 0x000007fefc398000 	C:\Windows\system32\CRYPTSP.dll
0x000007fefc080000 - 0x000007fefc0c7000 	C:\Windows\system32\rsaenh.dll
0x000007fefce50000 - 0x000007fefce6e000 	C:\Windows\system32\USERENV.dll
0x000007fefcbf0000 - 0x000007fefcbff000 	C:\Windows\system32\profapi.dll
0x000007fefca40000 - 0x000007fefca4f000 	C:\Windows\system32\CRYPTBASE.dll
0x000007fefc9e0000 - 0x000007fefca37000 	C:\Windows\system32\apphelp.dll
0x000000005a3f0000 - 0x000000005a3fb000 	D:\YT_DEVELOP\environment\jdk1.7.0_79_64\jre\bin\management.dll
0x0000000059c60000 - 0x0000000059c84000 	D:\YT_DEVELOP\environment\jdk1.7.0_79_64\jre\bin\sunec.dll
0x000000005a3d0000 - 0x000000005a3db000 	D:\YT_DEVELOP\environment\jdk1.7.0_79_64\jre\bin\sunmscapi.dll
0x000007fefcc90000 - 0x000007fefcdfd000 	C:\Windows\system32\CRYPT32.dll
0x000007fefcbe0000 - 0x000007fefcbef000 	C:\Windows\system32\MSASN1.dll
0x000007fefbc00000 - 0x000007fefbc07000 	C:\Windows\System32\wshtcpip.dll
0x000007fefc1a0000 - 0x000007fefc1fb000 	C:\Windows\system32\DNSAPI.dll
0x000007fef7760000 - 0x000007fef7768000 	C:\Windows\system32\rasadhlp.dll
0x000007fef9930000 - 0x000007fef9983000 	C:\Windows\System32\fwpuclnt.dll
0x000007fefacc0000 - 0x000007fefacd5000 	C:\Windows\system32\NLAapi.dll
0x000007fef6c20000 - 0x000007fef6c35000 	C:\Windows\system32\napinsp.dll
0x000007fef6c00000 - 0x000007fef6c19000 	C:\Windows\system32\pnrpnsp.dll
0x000007fef7710000 - 0x000007fef7720000 	C:\Windows\system32\wshbth.dll
0x000007fef6bf0000 - 0x000007fef6bfb000 	C:\Windows\System32\winrnr.dll
0x000007fefbc30000 - 0x000007fefbd55000 	C:\Windows\system32\dbghelp.dll

VM Arguments:
jvm_args: -XX:MaxPermSize=256m -XX:+HeapDumpOnOutOfMemoryError -Xmx1024m -Dfile.encoding=GBK -Duser.country=CN -Duser.language=zh -Duser.variant 
java_command: org.gradle.launcher.daemon.bootstrap.GradleDaemon 2.8
Launcher Type: SUN_STANDARD

Environment Variables:
JAVA_HOME=D:\YT_DEVELOP\environment\jdk1.7.0_79_64
PATH=D:\YT_DEVELOP\environment\jdk1.7.0_79_64\bin;C:\Program Files (x86)\Intel\iCLS Client\;C:\Program Files\Intel\iCLS Client\;C:\Windows\system32;C:\Windows;C:\Windows\System32\Wbem;C:\Windows\System32\WindowsPowerShell\v1.0\;C:\Program Files\Intel\Intel(R) Management Engine Components\DAL;C:\Program Files (x86)\Intel\Intel(R) Management Engine Components\DAL;C:\Program Files\Intel\Intel(R) Management Engine Components\IPT;C:\Program Files (x86)\Intel\Intel(R) Management Engine Components\IPT;C:\Program Files\Lenovo\Fingerprint Manager Pro\;E:\_________rj\jTTS_5_0\Bin;E:\yx;D:\YT_DEVELOP\environment\sdk\platform-tools;E:\_________rj\Git\TortoiseGit\bin
USERNAME=Administrator
OS=Windows_NT
PROCESSOR_IDENTIFIER=Intel64 Family 6 Model 61 Stepping 4, GenuineIntel



---------------  S Y S T E M  ---------------

OS: Windows 7 , 64 bit Build 7601 Service Pack 1

CPU:total 4 (2 cores per cpu, 2 threads per core) family 6 model 61 stepping 4, cmov, cx8, fxsr, mmx, sse, sse2, sse3, ssse3, sse4.1, sse4.2, popcnt, avx, avx2, erms, ht, tsc, tscinvbit

Memory: 4k page, physical 8077436k(3243008k free), swap 16153036k(10749808k free)

vm_info: Java HotSpot(TM) 64-Bit Server VM (24.79-b02) for windows-amd64 JRE (1.7.0_79-b15), built on Apr 10 2015 12:36:16 by "java_re" with unknown MS VC++:1600

time: Thu Jan 14 11:20:24 2016
elapsed time: 3956 seconds

